<?xml version="1.0" encoding="UTF-8"?>
<testng-results ignored="0" total="0" passed="0" failed="0" skipped="0">
  <reporter-output>
  </reporter-output>
  <suite started-at="2024-03-13T16:09:36 IST" name="Suite" finished-at="2024-03-13T16:09:36 IST" duration-ms="0">
    <groups>
      <group name="Fail">
        <method signature="LogoutUsingDataProvider.Logout(java.util.HashMap)[pri:0, instance:Getr.test.LogoutUsingDataProvider@7776ab]" name="Logout" class="Getr.test.LogoutUsingDataProvider"/>
      </group> <!-- Fail -->
    </groups>
  </suite> <!-- Suite -->
</testng-results>
